<?xml version="1.0" encoding="UTF-8"?>
<!-- Generated by org.testng.reporters.JUnitReportReporter -->
<testsuite hostname="LTIN284606" failures="0" tests="1" name="com.pages.generateUser" time="9.530" errors="0" timestamp="2022-11-02T00:32:46 IST" skipped="0">
  <testcase classname="com.pages.generateUser" name="GetBooksDetails" time="9.530"/>
  <system-out/>
</testsuite> <!-- com.pages.generateUser -->
